Seeding all randomness with seed=2024
Training models with leave-one-out: excluding donor MsBrainAgingSpatialDonor_3
Epoch 1, Average Loss: 1.4956
Epoch 2, Average Loss: 1.4778
Epoch 3, Average Loss: 1.4768
Epoch 4, Average Loss: 1.4768
Epoch 5, Average Loss: 1.4777
Epoch 6, Average Loss: 1.4776
Epoch 7, Average Loss: 1.4766
Epoch 8, Average Loss: 1.4777
Epoch 9, Average Loss: 1.4768
Epoch 10, Average Loss: 1.4772
General model saved excluding donor MsBrainAgingSpatialDonor_3 at /home/zihend1/Diffusion/DISCO/DISCO/saved_models/leave_out_donor_MsBrainAgingSpatialDonor_3/general
Training tissue-specific model excluding donor MsBrainAgingSpatialDonor_3 for tissue cortical layer II/III
Epoch 1, Average Loss: 1.7772
Epoch 2, Average Loss: 1.5485
Epoch 3, Average Loss: 1.5517
Epoch 4, Average Loss: 1.5501
Epoch 5, Average Loss: 1.5515
Epoch 6, Average Loss: 1.5491
Epoch 7, Average Loss: 1.5530
Epoch 8, Average Loss: 1.5500
Epoch 9, Average Loss: 1.5479
Epoch 10, Average Loss: 1.5523
Tissue-specific model saved excluding donor MsBrainAgingSpatialDonor_3 for tissue cortical layer II/III at /home/zihend1/Diffusion/DISCO/DISCO/saved_models/leave_out_donor_MsBrainAgingSpatialDonor_3/tissue_cortical_layer_II_III
Training tissue-specific model excluding donor MsBrainAgingSpatialDonor_3 for tissue cortical layer V
Epoch 1, Average Loss: 1.6532
Epoch 2, Average Loss: 1.5383
Epoch 3, Average Loss: 1.5379
Epoch 4, Average Loss: 1.5391
Epoch 5, Average Loss: 1.5373
Epoch 6, Average Loss: 1.5386
Epoch 7, Average Loss: 1.5372
Epoch 8, Average Loss: 1.5387
Epoch 9, Average Loss: 1.5394
Epoch 10, Average Loss: 1.5389
Tissue-specific model saved excluding donor MsBrainAgingSpatialDonor_3 for tissue cortical layer V at /home/zihend1/Diffusion/DISCO/DISCO/saved_models/leave_out_donor_MsBrainAgingSpatialDonor_3/tissue_cortical_layer_V
Training tissue-specific model excluding donor MsBrainAgingSpatialDonor_3 for tissue striatum
Epoch 1, Average Loss: 1.5570
Epoch 2, Average Loss: 1.5125
Epoch 3, Average Loss: 1.5132
Epoch 4, Average Loss: 1.5135
Epoch 5, Average Loss: 1.5128
Epoch 6, Average Loss: 1.5128
Epoch 7, Average Loss: 1.5129
Epoch 8, Average Loss: 1.5133
Epoch 9, Average Loss: 1.5134
Epoch 10, Average Loss: 1.5129
Tissue-specific model saved excluding donor MsBrainAgingSpatialDonor_3 for tissue striatum at /home/zihend1/Diffusion/DISCO/DISCO/saved_models/leave_out_donor_MsBrainAgingSpatialDonor_3/tissue_striatum
Training tissue-specific model excluding donor MsBrainAgingSpatialDonor_3 for tissue corpus callosum
Epoch 1, Average Loss: 1.2405
Epoch 2, Average Loss: 1.1454
Epoch 3, Average Loss: 1.1480
Epoch 4, Average Loss: 1.1463
Epoch 5, Average Loss: 1.1462
Epoch 6, Average Loss: 1.1496
Epoch 7, Average Loss: 1.1454
Epoch 8, Average Loss: 1.1474
Epoch 9, Average Loss: 1.1479
Epoch 10, Average Loss: 1.1466
Tissue-specific model saved excluding donor MsBrainAgingSpatialDonor_3 for tissue corpus callosum at /home/zihend1/Diffusion/DISCO/DISCO/saved_models/leave_out_donor_MsBrainAgingSpatialDonor_3/tissue_corpus_callosum
Training tissue-specific model excluding donor MsBrainAgingSpatialDonor_3 for tissue cortical layer VI
Epoch 1, Average Loss: 1.5110
Epoch 2, Average Loss: 1.4243
Epoch 3, Average Loss: 1.4236
Epoch 4, Average Loss: 1.4231
Epoch 5, Average Loss: 1.4248
Epoch 6, Average Loss: 1.4238
Epoch 7, Average Loss: 1.4253
Epoch 8, Average Loss: 1.4238
Epoch 9, Average Loss: 1.4239
Epoch 10, Average Loss: 1.4237
Tissue-specific model saved excluding donor MsBrainAgingSpatialDonor_3 for tissue cortical layer VI at /home/zihend1/Diffusion/DISCO/DISCO/saved_models/leave_out_donor_MsBrainAgingSpatialDonor_3/tissue_cortical_layer_VI
Training models with leave-one-out: excluding donor MsBrainAgingSpatialDonor_4
Epoch 1, Average Loss: 1.4705
Epoch 2, Average Loss: 1.4512
Epoch 3, Average Loss: 1.4511
Epoch 4, Average Loss: 1.4513
Epoch 5, Average Loss: 1.4513
Epoch 6, Average Loss: 1.4516
Epoch 7, Average Loss: 1.4520
Epoch 8, Average Loss: 1.4516
Epoch 9, Average Loss: 1.4508
Epoch 10, Average Loss: 1.4516
General model saved excluding donor MsBrainAgingSpatialDonor_4 at /home/zihend1/Diffusion/DISCO/DISCO/saved_models/leave_out_donor_MsBrainAgingSpatialDonor_4/general
Training tissue-specific model excluding donor MsBrainAgingSpatialDonor_4 for tissue cortical layer II/III
Epoch 1, Average Loss: 1.7240
Epoch 2, Average Loss: 1.5308
Epoch 3, Average Loss: 1.5297
Epoch 4, Average Loss: 1.5306
Epoch 5, Average Loss: 1.5304
Epoch 6, Average Loss: 1.5303
Epoch 7, Average Loss: 1.5298
Epoch 8, Average Loss: 1.5316
Epoch 9, Average Loss: 1.5279
Epoch 10, Average Loss: 1.5305
Tissue-specific model saved excluding donor MsBrainAgingSpatialDonor_4 for tissue cortical layer II/III at /home/zihend1/Diffusion/DISCO/DISCO/saved_models/leave_out_donor_MsBrainAgingSpatialDonor_4/tissue_cortical_layer_II_III
Training tissue-specific model excluding donor MsBrainAgingSpatialDonor_4 for tissue cortical layer V
Epoch 1, Average Loss: 1.6524
Epoch 2, Average Loss: 1.5318
Epoch 3, Average Loss: 1.5332
Epoch 4, Average Loss: 1.5331
Epoch 5, Average Loss: 1.5335
Epoch 6, Average Loss: 1.5332
Epoch 7, Average Loss: 1.5317
Epoch 8, Average Loss: 1.5328
Epoch 9, Average Loss: 1.5330
Epoch 10, Average Loss: 1.5322
Tissue-specific model saved excluding donor MsBrainAgingSpatialDonor_4 for tissue cortical layer V at /home/zihend1/Diffusion/DISCO/DISCO/saved_models/leave_out_donor_MsBrainAgingSpatialDonor_4/tissue_cortical_layer_V
Training tissue-specific model excluding donor MsBrainAgingSpatialDonor_4 for tissue striatum
Epoch 1, Average Loss: 1.5406
Epoch 2, Average Loss: 1.4941
Epoch 3, Average Loss: 1.4941
Epoch 4, Average Loss: 1.4940
Epoch 5, Average Loss: 1.4947
Epoch 6, Average Loss: 1.4944
Epoch 7, Average Loss: 1.4948
Epoch 8, Average Loss: 1.4960
Epoch 9, Average Loss: 1.4946
Epoch 10, Average Loss: 1.4932
Tissue-specific model saved excluding donor MsBrainAgingSpatialDonor_4 for tissue striatum at /home/zihend1/Diffusion/DISCO/DISCO/saved_models/leave_out_donor_MsBrainAgingSpatialDonor_4/tissue_striatum
Training tissue-specific model excluding donor MsBrainAgingSpatialDonor_4 for tissue corpus callosum
Epoch 1, Average Loss: 1.1444
Epoch 2, Average Loss: 1.0747
Epoch 3, Average Loss: 1.0755
Epoch 4, Average Loss: 1.0737
Epoch 5, Average Loss: 1.0737
Epoch 6, Average Loss: 1.0753
Epoch 7, Average Loss: 1.0744
Epoch 8, Average Loss: 1.0722
Epoch 9, Average Loss: 1.0745
Epoch 10, Average Loss: 1.0742
Tissue-specific model saved excluding donor MsBrainAgingSpatialDonor_4 for tissue corpus callosum at /home/zihend1/Diffusion/DISCO/DISCO/saved_models/leave_out_donor_MsBrainAgingSpatialDonor_4/tissue_corpus_callosum
Training tissue-specific model excluding donor MsBrainAgingSpatialDonor_4 for tissue cortical layer VI
Epoch 1, Average Loss: 1.5017
Epoch 2, Average Loss: 1.4051
Epoch 3, Average Loss: 1.4044
Epoch 4, Average Loss: 1.4053
Epoch 5, Average Loss: 1.4055
Epoch 6, Average Loss: 1.4053
Epoch 7, Average Loss: 1.4048
Epoch 8, Average Loss: 1.4045
Epoch 9, Average Loss: 1.4048
Epoch 10, Average Loss: 1.4058
Tissue-specific model saved excluding donor MsBrainAgingSpatialDonor_4 for tissue cortical layer VI at /home/zihend1/Diffusion/DISCO/DISCO/saved_models/leave_out_donor_MsBrainAgingSpatialDonor_4/tissue_cortical_layer_VI
Training models with leave-one-out: excluding donor MsBrainAgingSpatialDonor_6
Epoch 1, Average Loss: 1.4982
Epoch 2, Average Loss: 1.4790
Epoch 3, Average Loss: 1.4786
Epoch 4, Average Loss: 1.4794
Epoch 5, Average Loss: 1.4791
Epoch 6, Average Loss: 1.4793
Epoch 7, Average Loss: 1.4788
Epoch 8, Average Loss: 1.4791
Epoch 9, Average Loss: 1.4793
Epoch 10, Average Loss: 1.4796
General model saved excluding donor MsBrainAgingSpatialDonor_6 at /home/zihend1/Diffusion/DISCO/DISCO/saved_models/leave_out_donor_MsBrainAgingSpatialDonor_6/general
Training tissue-specific model excluding donor MsBrainAgingSpatialDonor_6 for tissue cortical layer II/III
Epoch 1, Average Loss: 1.7468
Epoch 2, Average Loss: 1.5479
Epoch 3, Average Loss: 1.5480
Epoch 4, Average Loss: 1.5477
Epoch 5, Average Loss: 1.5488
Epoch 6, Average Loss: 1.5480
Epoch 7, Average Loss: 1.5462
Epoch 8, Average Loss: 1.5464
Epoch 9, Average Loss: 1.5459
Epoch 10, Average Loss: 1.5466
Tissue-specific model saved excluding donor MsBrainAgingSpatialDonor_6 for tissue cortical layer II/III at /home/zihend1/Diffusion/DISCO/DISCO/saved_models/leave_out_donor_MsBrainAgingSpatialDonor_6/tissue_cortical_layer_II_III
Training tissue-specific model excluding donor MsBrainAgingSpatialDonor_6 for tissue cortical layer V
Epoch 1, Average Loss: 1.6557
Epoch 2, Average Loss: 1.5392
Epoch 3, Average Loss: 1.5401
Epoch 4, Average Loss: 1.5398
Epoch 5, Average Loss: 1.5413
Epoch 6, Average Loss: 1.5407
Epoch 7, Average Loss: 1.5384
Epoch 8, Average Loss: 1.5380
Epoch 9, Average Loss: 1.5397
Epoch 10, Average Loss: 1.5408
Tissue-specific model saved excluding donor MsBrainAgingSpatialDonor_6 for tissue cortical layer V at /home/zihend1/Diffusion/DISCO/DISCO/saved_models/leave_out_donor_MsBrainAgingSpatialDonor_6/tissue_cortical_layer_V
Training tissue-specific model excluding donor MsBrainAgingSpatialDonor_6 for tissue striatum
Epoch 1, Average Loss: 1.5751
Epoch 2, Average Loss: 1.5272
Epoch 3, Average Loss: 1.5271
Epoch 4, Average Loss: 1.5275
Epoch 5, Average Loss: 1.5277
Epoch 6, Average Loss: 1.5272
Epoch 7, Average Loss: 1.5264
Epoch 8, Average Loss: 1.5262
Epoch 9, Average Loss: 1.5263
Epoch 10, Average Loss: 1.5264
Tissue-specific model saved excluding donor MsBrainAgingSpatialDonor_6 for tissue striatum at /home/zihend1/Diffusion/DISCO/DISCO/saved_models/leave_out_donor_MsBrainAgingSpatialDonor_6/tissue_striatum
Training tissue-specific model excluding donor MsBrainAgingSpatialDonor_6 for tissue corpus callosum
Epoch 1, Average Loss: 1.2453
Epoch 2, Average Loss: 1.1419
Epoch 3, Average Loss: 1.1436
Epoch 4, Average Loss: 1.1421
Epoch 5, Average Loss: 1.1428
Epoch 6, Average Loss: 1.1411
Epoch 7, Average Loss: 1.1428
Epoch 8, Average Loss: 1.1407
Epoch 9, Average Loss: 1.1426
Epoch 10, Average Loss: 1.1433
Tissue-specific model saved excluding donor MsBrainAgingSpatialDonor_6 for tissue corpus callosum at /home/zihend1/Diffusion/DISCO/DISCO/saved_models/leave_out_donor_MsBrainAgingSpatialDonor_6/tissue_corpus_callosum
Training tissue-specific model excluding donor MsBrainAgingSpatialDonor_6 for tissue cortical layer VI
Epoch 1, Average Loss: 1.5227
Epoch 2, Average Loss: 1.4307
Epoch 3, Average Loss: 1.4329
Epoch 4, Average Loss: 1.4309
Epoch 5, Average Loss: 1.4325
Epoch 6, Average Loss: 1.4335
Epoch 7, Average Loss: 1.4304
Epoch 8, Average Loss: 1.4325
Epoch 9, Average Loss: 1.4317
Epoch 10, Average Loss: 1.4294
Tissue-specific model saved excluding donor MsBrainAgingSpatialDonor_6 for tissue cortical layer VI at /home/zihend1/Diffusion/DISCO/DISCO/saved_models/leave_out_donor_MsBrainAgingSpatialDonor_6/tissue_cortical_layer_VI
Training models with leave-one-out: excluding donor MsBrainAgingSpatialDonor_10
Epoch 1, Average Loss: 1.4837
Epoch 2, Average Loss: 1.4661
Epoch 3, Average Loss: 1.4662
Epoch 4, Average Loss: 1.4657
Epoch 5, Average Loss: 1.4669
Epoch 6, Average Loss: 1.4663
Epoch 7, Average Loss: 1.4669
Epoch 8, Average Loss: 1.4660
Epoch 9, Average Loss: 1.4666
Epoch 10, Average Loss: 1.4669
General model saved excluding donor MsBrainAgingSpatialDonor_10 at /home/zihend1/Diffusion/DISCO/DISCO/saved_models/leave_out_donor_MsBrainAgingSpatialDonor_10/general
Training tissue-specific model excluding donor MsBrainAgingSpatialDonor_10 for tissue cortical layer II/III
Epoch 1, Average Loss: 1.7234
Epoch 2, Average Loss: 1.5210
Epoch 3, Average Loss: 1.5238
Epoch 4, Average Loss: 1.5215
Epoch 5, Average Loss: 1.5225
Epoch 6, Average Loss: 1.5220
Epoch 7, Average Loss: 1.5224
Epoch 8, Average Loss: 1.5186
Epoch 9, Average Loss: 1.5217
Epoch 10, Average Loss: 1.5212
Tissue-specific model saved excluding donor MsBrainAgingSpatialDonor_10 for tissue cortical layer II/III at /home/zihend1/Diffusion/DISCO/DISCO/saved_models/leave_out_donor_MsBrainAgingSpatialDonor_10/tissue_cortical_layer_II_III
Training tissue-specific model excluding donor MsBrainAgingSpatialDonor_10 for tissue cortical layer V
Epoch 1, Average Loss: 1.6865
Epoch 2, Average Loss: 1.5472
Epoch 3, Average Loss: 1.5471
Epoch 4, Average Loss: 1.5477
Epoch 5, Average Loss: 1.5464
Epoch 6, Average Loss: 1.5468
Epoch 7, Average Loss: 1.5483
Epoch 8, Average Loss: 1.5466
Epoch 9, Average Loss: 1.5497
Epoch 10, Average Loss: 1.5443
Tissue-specific model saved excluding donor MsBrainAgingSpatialDonor_10 for tissue cortical layer V at /home/zihend1/Diffusion/DISCO/DISCO/saved_models/leave_out_donor_MsBrainAgingSpatialDonor_10/tissue_cortical_layer_V
Training tissue-specific model excluding donor MsBrainAgingSpatialDonor_10 for tissue striatum
Epoch 1, Average Loss: 1.5900
Epoch 2, Average Loss: 1.5420
Epoch 3, Average Loss: 1.5417
Epoch 4, Average Loss: 1.5415
Epoch 5, Average Loss: 1.5414
Epoch 6, Average Loss: 1.5431
Epoch 7, Average Loss: 1.5413
Epoch 8, Average Loss: 1.5418
Epoch 9, Average Loss: 1.5423
Epoch 10, Average Loss: 1.5430
Tissue-specific model saved excluding donor MsBrainAgingSpatialDonor_10 for tissue striatum at /home/zihend1/Diffusion/DISCO/DISCO/saved_models/leave_out_donor_MsBrainAgingSpatialDonor_10/tissue_striatum
Training tissue-specific model excluding donor MsBrainAgingSpatialDonor_10 for tissue corpus callosum
Epoch 1, Average Loss: 1.2067
Epoch 2, Average Loss: 1.1205
Epoch 3, Average Loss: 1.1204
Epoch 4, Average Loss: 1.1209
Epoch 5, Average Loss: 1.1217
Epoch 6, Average Loss: 1.1207
Epoch 7, Average Loss: 1.1201
Epoch 8, Average Loss: 1.1208
Epoch 9, Average Loss: 1.1219
Epoch 10, Average Loss: 1.1218
Tissue-specific model saved excluding donor MsBrainAgingSpatialDonor_10 for tissue corpus callosum at /home/zihend1/Diffusion/DISCO/DISCO/saved_models/leave_out_donor_MsBrainAgingSpatialDonor_10/tissue_corpus_callosum
Training tissue-specific model excluding donor MsBrainAgingSpatialDonor_10 for tissue cortical layer VI
Epoch 1, Average Loss: 1.4716
Epoch 2, Average Loss: 1.3943
Epoch 3, Average Loss: 1.3947
Epoch 4, Average Loss: 1.3934
Epoch 5, Average Loss: 1.3940
Epoch 6, Average Loss: 1.3935
Epoch 7, Average Loss: 1.3948
Epoch 8, Average Loss: 1.3930
Epoch 9, Average Loss: 1.3923
Epoch 10, Average Loss: 1.3923
Tissue-specific model saved excluding donor MsBrainAgingSpatialDonor_10 for tissue cortical layer VI at /home/zihend1/Diffusion/DISCO/DISCO/saved_models/leave_out_donor_MsBrainAgingSpatialDonor_10/tissue_cortical_layer_VI
Training models with leave-one-out: excluding donor MsBrainAgingSpatialDonor_12
Epoch 1, Average Loss: 1.4951
Epoch 2, Average Loss: 1.4771
Epoch 3, Average Loss: 1.4768
Epoch 4, Average Loss: 1.4770
Epoch 5, Average Loss: 1.4765
Epoch 6, Average Loss: 1.4770
Epoch 7, Average Loss: 1.4768
Epoch 8, Average Loss: 1.4770
Epoch 9, Average Loss: 1.4769
Epoch 10, Average Loss: 1.4769
General model saved excluding donor MsBrainAgingSpatialDonor_12 at /home/zihend1/Diffusion/DISCO/DISCO/saved_models/leave_out_donor_MsBrainAgingSpatialDonor_12/general
Training tissue-specific model excluding donor MsBrainAgingSpatialDonor_12 for tissue cortical layer II/III
Epoch 1, Average Loss: 1.7146
Epoch 2, Average Loss: 1.5310
Epoch 3, Average Loss: 1.5311
Epoch 4, Average Loss: 1.5305
Epoch 5, Average Loss: 1.5303
Epoch 6, Average Loss: 1.5299
Epoch 7, Average Loss: 1.5322
Epoch 8, Average Loss: 1.5326
Epoch 9, Average Loss: 1.5309
Epoch 10, Average Loss: 1.5315
Tissue-specific model saved excluding donor MsBrainAgingSpatialDonor_12 for tissue cortical layer II/III at /home/zihend1/Diffusion/DISCO/DISCO/saved_models/leave_out_donor_MsBrainAgingSpatialDonor_12/tissue_cortical_layer_II_III
Training tissue-specific model excluding donor MsBrainAgingSpatialDonor_12 for tissue cortical layer V
Epoch 1, Average Loss: 1.6636
Epoch 2, Average Loss: 1.5381
Epoch 3, Average Loss: 1.5380
Epoch 4, Average Loss: 1.5376
Epoch 5, Average Loss: 1.5373
Epoch 6, Average Loss: 1.5375
Epoch 7, Average Loss: 1.5395
Epoch 8, Average Loss: 1.5392
Epoch 9, Average Loss: 1.5379
Epoch 10, Average Loss: 1.5378
Tissue-specific model saved excluding donor MsBrainAgingSpatialDonor_12 for tissue cortical layer V at /home/zihend1/Diffusion/DISCO/DISCO/saved_models/leave_out_donor_MsBrainAgingSpatialDonor_12/tissue_cortical_layer_V
Training tissue-specific model excluding donor MsBrainAgingSpatialDonor_12 for tissue striatum
Epoch 1, Average Loss: 1.5580
Epoch 2, Average Loss: 1.5126
Epoch 3, Average Loss: 1.5105
Epoch 4, Average Loss: 1.5109
Epoch 5, Average Loss: 1.5121
Epoch 6, Average Loss: 1.5117
Epoch 7, Average Loss: 1.5124
Epoch 8, Average Loss: 1.5115
Epoch 9, Average Loss: 1.5112
Epoch 10, Average Loss: 1.5110
Tissue-specific model saved excluding donor MsBrainAgingSpatialDonor_12 for tissue striatum at /home/zihend1/Diffusion/DISCO/DISCO/saved_models/leave_out_donor_MsBrainAgingSpatialDonor_12/tissue_striatum
Training tissue-specific model excluding donor MsBrainAgingSpatialDonor_12 for tissue corpus callosum
Epoch 1, Average Loss: 1.2023
Epoch 2, Average Loss: 1.1232
Epoch 3, Average Loss: 1.1235
Epoch 4, Average Loss: 1.1225
Epoch 5, Average Loss: 1.1224
Epoch 6, Average Loss: 1.1236
Epoch 7, Average Loss: 1.1239
Epoch 8, Average Loss: 1.1237
Epoch 9, Average Loss: 1.1235
Epoch 10, Average Loss: 1.1227
Tissue-specific model saved excluding donor MsBrainAgingSpatialDonor_12 for tissue corpus callosum at /home/zihend1/Diffusion/DISCO/DISCO/saved_models/leave_out_donor_MsBrainAgingSpatialDonor_12/tissue_corpus_callosum
Training tissue-specific model excluding donor MsBrainAgingSpatialDonor_12 for tissue cortical layer VI
Epoch 1, Average Loss: 1.4877
Epoch 2, Average Loss: 1.4079
Epoch 3, Average Loss: 1.4067
Epoch 4, Average Loss: 1.4073
Epoch 5, Average Loss: 1.4069
Epoch 6, Average Loss: 1.4077
Epoch 7, Average Loss: 1.4073
Epoch 8, Average Loss: 1.4061
Epoch 9, Average Loss: 1.4079
Epoch 10, Average Loss: 1.4074
Tissue-specific model saved excluding donor MsBrainAgingSpatialDonor_12 for tissue cortical layer VI at /home/zihend1/Diffusion/DISCO/DISCO/saved_models/leave_out_donor_MsBrainAgingSpatialDonor_12/tissue_cortical_layer_VI
Training models with leave-one-out: excluding donor MsBrainAgingSpatialDonor_8
Epoch 1, Average Loss: 1.4745
Epoch 2, Average Loss: 1.4555
Epoch 3, Average Loss: 1.4552
Epoch 4, Average Loss: 1.4542
Epoch 5, Average Loss: 1.4546
Epoch 6, Average Loss: 1.4548
Epoch 7, Average Loss: 1.4545
Epoch 8, Average Loss: 1.4554
Epoch 9, Average Loss: 1.4560
Epoch 10, Average Loss: 1.4554
General model saved excluding donor MsBrainAgingSpatialDonor_8 at /home/zihend1/Diffusion/DISCO/DISCO/saved_models/leave_out_donor_MsBrainAgingSpatialDonor_8/general
Training tissue-specific model excluding donor MsBrainAgingSpatialDonor_8 for tissue cortical layer II/III
Epoch 1, Average Loss: 1.7402
Epoch 2, Average Loss: 1.5330
Epoch 3, Average Loss: 1.5342
Epoch 4, Average Loss: 1.5321
Epoch 5, Average Loss: 1.5338
Epoch 6, Average Loss: 1.5328
Epoch 7, Average Loss: 1.5335
Epoch 8, Average Loss: 1.5317
Epoch 9, Average Loss: 1.5314
Epoch 10, Average Loss: 1.5338
Tissue-specific model saved excluding donor MsBrainAgingSpatialDonor_8 for tissue cortical layer II/III at /home/zihend1/Diffusion/DISCO/DISCO/saved_models/leave_out_donor_MsBrainAgingSpatialDonor_8/tissue_cortical_layer_II_III
Training tissue-specific model excluding donor MsBrainAgingSpatialDonor_8 for tissue cortical layer V
Epoch 1, Average Loss: 1.6689
Epoch 2, Average Loss: 1.5446
Epoch 3, Average Loss: 1.5466
Epoch 4, Average Loss: 1.5451
Epoch 5, Average Loss: 1.5459
Epoch 6, Average Loss: 1.5455
Epoch 7, Average Loss: 1.5452
Epoch 8, Average Loss: 1.5462
Epoch 9, Average Loss: 1.5452
Epoch 10, Average Loss: 1.5463
Tissue-specific model saved excluding donor MsBrainAgingSpatialDonor_8 for tissue cortical layer V at /home/zihend1/Diffusion/DISCO/DISCO/saved_models/leave_out_donor_MsBrainAgingSpatialDonor_8/tissue_cortical_layer_V
Training tissue-specific model excluding donor MsBrainAgingSpatialDonor_8 for tissue striatum
Epoch 1, Average Loss: 1.5645
Epoch 2, Average Loss: 1.5107
Epoch 3, Average Loss: 1.5106
Epoch 4, Average Loss: 1.5118
Epoch 5, Average Loss: 1.5117
Epoch 6, Average Loss: 1.5128
Epoch 7, Average Loss: 1.5109
Epoch 8, Average Loss: 1.5119
Epoch 9, Average Loss: 1.5115
Epoch 10, Average Loss: 1.5112
Tissue-specific model saved excluding donor MsBrainAgingSpatialDonor_8 for tissue striatum at /home/zihend1/Diffusion/DISCO/DISCO/saved_models/leave_out_donor_MsBrainAgingSpatialDonor_8/tissue_striatum
Training tissue-specific model excluding donor MsBrainAgingSpatialDonor_8 for tissue corpus callosum
Epoch 1, Average Loss: 1.1689
Epoch 2, Average Loss: 1.0925
Epoch 3, Average Loss: 1.0927
Epoch 4, Average Loss: 1.0922
Epoch 5, Average Loss: 1.0937
Epoch 6, Average Loss: 1.0928
Epoch 7, Average Loss: 1.0926
Epoch 8, Average Loss: 1.0924
Epoch 9, Average Loss: 1.0923
Epoch 10, Average Loss: 1.0939
Tissue-specific model saved excluding donor MsBrainAgingSpatialDonor_8 for tissue corpus callosum at /home/zihend1/Diffusion/DISCO/DISCO/saved_models/leave_out_donor_MsBrainAgingSpatialDonor_8/tissue_corpus_callosum
Training tissue-specific model excluding donor MsBrainAgingSpatialDonor_8 for tissue cortical layer VI
Epoch 1, Average Loss: 1.5032
Epoch 2, Average Loss: 1.4197
Epoch 3, Average Loss: 1.4192
Epoch 4, Average Loss: 1.4189
Epoch 5, Average Loss: 1.4198
Epoch 6, Average Loss: 1.4201
Epoch 7, Average Loss: 1.4194
Epoch 8, Average Loss: 1.4191
Epoch 9, Average Loss: 1.4211
Epoch 10, Average Loss: 1.4191
Tissue-specific model saved excluding donor MsBrainAgingSpatialDonor_8 for tissue cortical layer VI at /home/zihend1/Diffusion/DISCO/DISCO/saved_models/leave_out_donor_MsBrainAgingSpatialDonor_8/tissue_cortical_layer_VI
Training models with leave-one-out: excluding donor MsBrainAgingSpatialDonor_1
Epoch 1, Average Loss: 1.4715
Epoch 2, Average Loss: 1.4543
Epoch 3, Average Loss: 1.4541
Epoch 4, Average Loss: 1.4540
Epoch 5, Average Loss: 1.4547
Epoch 6, Average Loss: 1.4544
Epoch 7, Average Loss: 1.4551
Epoch 8, Average Loss: 1.4549
Epoch 9, Average Loss: 1.4542
Epoch 10, Average Loss: 1.4545
General model saved excluding donor MsBrainAgingSpatialDonor_1 at /home/zihend1/Diffusion/DISCO/DISCO/saved_models/leave_out_donor_MsBrainAgingSpatialDonor_1/general
Training tissue-specific model excluding donor MsBrainAgingSpatialDonor_1 for tissue cortical layer II/III
Epoch 1, Average Loss: 1.6924
Epoch 2, Average Loss: 1.5190
Epoch 3, Average Loss: 1.5186
Epoch 4, Average Loss: 1.5213
Epoch 5, Average Loss: 1.5182
Epoch 6, Average Loss: 1.5205
Epoch 7, Average Loss: 1.5205
Epoch 8, Average Loss: 1.5218
Epoch 9, Average Loss: 1.5187
Epoch 10, Average Loss: 1.5177
Tissue-specific model saved excluding donor MsBrainAgingSpatialDonor_1 for tissue cortical layer II/III at /home/zihend1/Diffusion/DISCO/DISCO/saved_models/leave_out_donor_MsBrainAgingSpatialDonor_1/tissue_cortical_layer_II_III
Training tissue-specific model excluding donor MsBrainAgingSpatialDonor_1 for tissue cortical layer V
Epoch 1, Average Loss: 1.6389
Epoch 2, Average Loss: 1.5202
Epoch 3, Average Loss: 1.5222
Epoch 4, Average Loss: 1.5210
Epoch 5, Average Loss: 1.5193
Epoch 6, Average Loss: 1.5199
Epoch 7, Average Loss: 1.5187
Epoch 8, Average Loss: 1.5198
Epoch 9, Average Loss: 1.5189
Epoch 10, Average Loss: 1.5201
Tissue-specific model saved excluding donor MsBrainAgingSpatialDonor_1 for tissue cortical layer V at /home/zihend1/Diffusion/DISCO/DISCO/saved_models/leave_out_donor_MsBrainAgingSpatialDonor_1/tissue_cortical_layer_V
Training tissue-specific model excluding donor MsBrainAgingSpatialDonor_1 for tissue striatum
Epoch 1, Average Loss: 1.5326
Epoch 2, Average Loss: 1.4936
Epoch 3, Average Loss: 1.4925
Epoch 4, Average Loss: 1.4918
Epoch 5, Average Loss: 1.4916
Epoch 6, Average Loss: 1.4939
Epoch 7, Average Loss: 1.4926
Epoch 8, Average Loss: 1.4933
Epoch 9, Average Loss: 1.4921
Epoch 10, Average Loss: 1.4922
Tissue-specific model saved excluding donor MsBrainAgingSpatialDonor_1 for tissue striatum at /home/zihend1/Diffusion/DISCO/DISCO/saved_models/leave_out_donor_MsBrainAgingSpatialDonor_1/tissue_striatum
Training tissue-specific model excluding donor MsBrainAgingSpatialDonor_1 for tissue corpus callosum
Epoch 1, Average Loss: 1.1910
Epoch 2, Average Loss: 1.1137
Epoch 3, Average Loss: 1.1161
Epoch 4, Average Loss: 1.1168
Epoch 5, Average Loss: 1.1154
Epoch 6, Average Loss: 1.1146
Epoch 7, Average Loss: 1.1156
Epoch 8, Average Loss: 1.1148
Epoch 9, Average Loss: 1.1150
Epoch 10, Average Loss: 1.1164
Tissue-specific model saved excluding donor MsBrainAgingSpatialDonor_1 for tissue corpus callosum at /home/zihend1/Diffusion/DISCO/DISCO/saved_models/leave_out_donor_MsBrainAgingSpatialDonor_1/tissue_corpus_callosum
Training tissue-specific model excluding donor MsBrainAgingSpatialDonor_1 for tissue cortical layer VI
Epoch 1, Average Loss: 1.4834
Epoch 2, Average Loss: 1.3978
Epoch 3, Average Loss: 1.3970
Epoch 4, Average Loss: 1.3981
Epoch 5, Average Loss: 1.3987
Epoch 6, Average Loss: 1.3975
Epoch 7, Average Loss: 1.3980
Epoch 8, Average Loss: 1.3980
Epoch 9, Average Loss: 1.3971
Epoch 10, Average Loss: 1.3976
Tissue-specific model saved excluding donor MsBrainAgingSpatialDonor_1 for tissue cortical layer VI at /home/zihend1/Diffusion/DISCO/DISCO/saved_models/leave_out_donor_MsBrainAgingSpatialDonor_1/tissue_cortical_layer_VI
Training models with leave-one-out: excluding donor MsBrainAgingSpatialDonor_2
Epoch 1, Average Loss: 1.4510
Epoch 2, Average Loss: 1.4349
Epoch 3, Average Loss: 1.4350
Epoch 4, Average Loss: 1.4349
Epoch 5, Average Loss: 1.4345
Epoch 6, Average Loss: 1.4349
Epoch 7, Average Loss: 1.4339
Epoch 8, Average Loss: 1.4344
Epoch 9, Average Loss: 1.4343
Epoch 10, Average Loss: 1.4353
General model saved excluding donor MsBrainAgingSpatialDonor_2 at /home/zihend1/Diffusion/DISCO/DISCO/saved_models/leave_out_donor_MsBrainAgingSpatialDonor_2/general
Training tissue-specific model excluding donor MsBrainAgingSpatialDonor_2 for tissue cortical layer II/III
Epoch 1, Average Loss: 1.6747
Epoch 2, Average Loss: 1.4925
Epoch 3, Average Loss: 1.4936
Epoch 4, Average Loss: 1.4950
Epoch 5, Average Loss: 1.4919
Epoch 6, Average Loss: 1.4942
Epoch 7, Average Loss: 1.4927
Epoch 8, Average Loss: 1.4916
Epoch 9, Average Loss: 1.4930
Epoch 10, Average Loss: 1.4923
Tissue-specific model saved excluding donor MsBrainAgingSpatialDonor_2 for tissue cortical layer II/III at /home/zihend1/Diffusion/DISCO/DISCO/saved_models/leave_out_donor_MsBrainAgingSpatialDonor_2/tissue_cortical_layer_II_III
Training tissue-specific model excluding donor MsBrainAgingSpatialDonor_2 for tissue cortical layer V
Epoch 1, Average Loss: 1.6252
Epoch 2, Average Loss: 1.5104
Epoch 3, Average Loss: 1.5123
Epoch 4, Average Loss: 1.5119
Epoch 5, Average Loss: 1.5130
Epoch 6, Average Loss: 1.5128
Epoch 7, Average Loss: 1.5119
Epoch 8, Average Loss: 1.5109
Epoch 9, Average Loss: 1.5121
Epoch 10, Average Loss: 1.5116
Tissue-specific model saved excluding donor MsBrainAgingSpatialDonor_2 for tissue cortical layer V at /home/zihend1/Diffusion/DISCO/DISCO/saved_models/leave_out_donor_MsBrainAgingSpatialDonor_2/tissue_cortical_layer_V
Training tissue-specific model excluding donor MsBrainAgingSpatialDonor_2 for tissue striatum
Epoch 1, Average Loss: 1.5761
Epoch 2, Average Loss: 1.5284
Epoch 3, Average Loss: 1.5309
Epoch 4, Average Loss: 1.5307
Epoch 5, Average Loss: 1.5302
Epoch 6, Average Loss: 1.5297
Epoch 7, Average Loss: 1.5295
Epoch 8, Average Loss: 1.5296
Epoch 9, Average Loss: 1.5300
Epoch 10, Average Loss: 1.5305
Tissue-specific model saved excluding donor MsBrainAgingSpatialDonor_2 for tissue striatum at /home/zihend1/Diffusion/DISCO/DISCO/saved_models/leave_out_donor_MsBrainAgingSpatialDonor_2/tissue_striatum
Training tissue-specific model excluding donor MsBrainAgingSpatialDonor_2 for tissue corpus callosum
Epoch 1, Average Loss: 1.2002
Epoch 2, Average Loss: 1.1193
Epoch 3, Average Loss: 1.1199
Epoch 4, Average Loss: 1.1196
Epoch 5, Average Loss: 1.1194
Epoch 6, Average Loss: 1.1202
Epoch 7, Average Loss: 1.1189
Epoch 8, Average Loss: 1.1186
Epoch 9, Average Loss: 1.1206
Epoch 10, Average Loss: 1.1180
Tissue-specific model saved excluding donor MsBrainAgingSpatialDonor_2 for tissue corpus callosum at /home/zihend1/Diffusion/DISCO/DISCO/saved_models/leave_out_donor_MsBrainAgingSpatialDonor_2/tissue_corpus_callosum
Training tissue-specific model excluding donor MsBrainAgingSpatialDonor_2 for tissue cortical layer VI
Epoch 1, Average Loss: 1.5001
Epoch 2, Average Loss: 1.4167
Epoch 3, Average Loss: 1.4173
Epoch 4, Average Loss: 1.4170
Epoch 5, Average Loss: 1.4175
Epoch 6, Average Loss: 1.4175
Epoch 7, Average Loss: 1.4148
Epoch 8, Average Loss: 1.4169
Epoch 9, Average Loss: 1.4170
Epoch 10, Average Loss: 1.4169
Tissue-specific model saved excluding donor MsBrainAgingSpatialDonor_2 for tissue cortical layer VI at /home/zihend1/Diffusion/DISCO/DISCO/saved_models/leave_out_donor_MsBrainAgingSpatialDonor_2/tissue_cortical_layer_VI
Training models with leave-one-out: excluding donor MsBrainAgingSpatialDonor_7
Epoch 1, Average Loss: 1.4920
Epoch 2, Average Loss: 1.4729
Epoch 3, Average Loss: 1.4728
Epoch 4, Average Loss: 1.4728
Epoch 5, Average Loss: 1.4729
Epoch 6, Average Loss: 1.4729
Epoch 7, Average Loss: 1.4731
Epoch 8, Average Loss: 1.4736
Epoch 9, Average Loss: 1.4728
Epoch 10, Average Loss: 1.4731
General model saved excluding donor MsBrainAgingSpatialDonor_7 at /home/zihend1/Diffusion/DISCO/DISCO/saved_models/leave_out_donor_MsBrainAgingSpatialDonor_7/general
Training tissue-specific model excluding donor MsBrainAgingSpatialDonor_7 for tissue cortical layer II/III
Epoch 1, Average Loss: 1.7346
Epoch 2, Average Loss: 1.5387
Epoch 3, Average Loss: 1.5386
Epoch 4, Average Loss: 1.5385
Epoch 5, Average Loss: 1.5390
Epoch 6, Average Loss: 1.5384
Epoch 7, Average Loss: 1.5403
Epoch 8, Average Loss: 1.5386
Epoch 9, Average Loss: 1.5415
Epoch 10, Average Loss: 1.5365
Tissue-specific model saved excluding donor MsBrainAgingSpatialDonor_7 for tissue cortical layer II/III at /home/zihend1/Diffusion/DISCO/DISCO/saved_models/leave_out_donor_MsBrainAgingSpatialDonor_7/tissue_cortical_layer_II_III
Training tissue-specific model excluding donor MsBrainAgingSpatialDonor_7 for tissue cortical layer V
Epoch 1, Average Loss: 1.6790
Epoch 2, Average Loss: 1.5456
Epoch 3, Average Loss: 1.5463
Epoch 4, Average Loss: 1.5474
Epoch 5, Average Loss: 1.5449
Epoch 6, Average Loss: 1.5461
Epoch 7, Average Loss: 1.5463
Epoch 8, Average Loss: 1.5439
Epoch 9, Average Loss: 1.5457
Epoch 10, Average Loss: 1.5449
Tissue-specific model saved excluding donor MsBrainAgingSpatialDonor_7 for tissue cortical layer V at /home/zihend1/Diffusion/DISCO/DISCO/saved_models/leave_out_donor_MsBrainAgingSpatialDonor_7/tissue_cortical_layer_V
Training tissue-specific model excluding donor MsBrainAgingSpatialDonor_7 for tissue striatum
Epoch 1, Average Loss: 1.5483
Epoch 2, Average Loss: 1.4951
Epoch 3, Average Loss: 1.4963
Epoch 4, Average Loss: 1.4951
Epoch 5, Average Loss: 1.4940
Epoch 6, Average Loss: 1.4944
Epoch 7, Average Loss: 1.4942
Epoch 8, Average Loss: 1.4941
Epoch 9, Average Loss: 1.4938
Epoch 10, Average Loss: 1.4943
Tissue-specific model saved excluding donor MsBrainAgingSpatialDonor_7 for tissue striatum at /home/zihend1/Diffusion/DISCO/DISCO/saved_models/leave_out_donor_MsBrainAgingSpatialDonor_7/tissue_striatum
Training tissue-specific model excluding donor MsBrainAgingSpatialDonor_7 for tissue corpus callosum
Epoch 1, Average Loss: 1.2001
Epoch 2, Average Loss: 1.1189
Epoch 3, Average Loss: 1.1197
Epoch 4, Average Loss: 1.1188
Epoch 5, Average Loss: 1.1173
Epoch 6, Average Loss: 1.1180
Epoch 7, Average Loss: 1.1196
Epoch 8, Average Loss: 1.1171
Epoch 9, Average Loss: 1.1194
Epoch 10, Average Loss: 1.1184
Tissue-specific model saved excluding donor MsBrainAgingSpatialDonor_7 for tissue corpus callosum at /home/zihend1/Diffusion/DISCO/DISCO/saved_models/leave_out_donor_MsBrainAgingSpatialDonor_7/tissue_corpus_callosum
Training tissue-specific model excluding donor MsBrainAgingSpatialDonor_7 for tissue cortical layer VI
Epoch 1, Average Loss: 1.5050
Epoch 2, Average Loss: 1.4195
Epoch 3, Average Loss: 1.4180
Epoch 4, Average Loss: 1.4187
Epoch 5, Average Loss: 1.4169
Epoch 6, Average Loss: 1.4193
